[handleMsg]:  {
  key: {
    remoteJid: '573233494728@s.whatsapp.net',
    fromMe: false,
    id: '97C95AA2AC929C95677B17721F3C164E',
    participant: undefined
  },
  messageTimestamp: 1707365332,
  pushName: '😎',
  broadcast: false,
  message: Message {
    conversation: 'Hola',
    messageContextInfo: MessageContextInfo {
      deviceListMetadata: [DeviceListMetadata],
      deviceListMetadataVersion: 2
    }
  },
  body: 'Hola',
  from: '573233494728'
}
[QUEUE_SE_ENVIO]:  {
  ref: 'ans_a27ee5e1-124d-4168-82bd-e0fa93f0dafd',
  keyword: 'key_d76f2596-1624-4c50-9c1a-f575f67be8f7',
  answer: 'hello there',
  options: {
    media: null,
    buttons: [],
    capture: false,
    child: null,
    delay: 0,
    idle: null,
    ref: null,
    nested: [],
    keyword: {},
    callback: false
  },
  refSerialize: 'afb8a6955a5f4a5d9b5452563b6cd164'
}
